../ext/bson.cc:648:2: error: no matching function for call to 'SetPrototypeMethod'
        NODE_SET_PROTOTYPE_METHOD(t, "calculateObjectSize", CalculateObjectSize);
        ^~~~~~~~~~~~~~~~~~~~~~~~~
/Users/eyueltessema/.node-gyp/0.11.3/src/node.h:130:35: note: expanded from macro 'NODE_SET_PROTOTYPE_METHOD'
#define NODE_SET_PROTOTYPE_METHOD node::SetPrototypeMethod
                                  ^~~~~~~~~~~~~~~~~~~~~~~~
/Users/eyueltessema/.node-gyp/0.11.3/src/node.h:121:6: note: candidate function [with target_t = v8::Local<v8::FunctionTemplate>] not viable: no known conversion from 'void (const v8::FunctionCallbackInfo<v8::Value> &)' to 'v8::InvocationCallback' (aka 'Handle<v8::Value> (*)(const v8::Arguments &)') for 3rd argument
void SetPrototypeMethod(target_t target,
     ^
../ext/bson.cc:649:2: error: no matching function for call to 'SetPrototypeMethod'
        NODE_SET_PROTOTYPE_METHOD(t, "serialize", BSONSerialize);
        ^~~~~~~~~~~~~~~~~~~~~~~~~
/Users/eyueltessema/.node-gyp/0.11.3/src/node.h:130:35: note: expanded from macro 'NODE_SET_PROTOTYPE_METHOD'
#define NODE_SET_PROTOTYPE_METHOD node::SetPrototypeMethod
                                  ^~~~~~~~~~~~~~~~~~~~~~~~
/Users/eyueltessema/.node-gyp/0.11.3/src/node.h:121:6: note: candidate function [with target_t = v8::Local<v8::FunctionTemplate>] not viable: no known conversion from 'void (const v8::FunctionCallbackInfo<v8::Value> &)' to 'v8::InvocationCallback' (aka 'Handle<v8::Value> (*)(const v8::Arguments &)') for 3rd argument
void SetPrototypeMethod(target_t target,
     ^
../ext/bson.cc:650:2: error: no matching function for call to 'SetPrototypeMethod'
        NODE_SET_PROTOTYPE_METHOD(t, "serializeWithBufferAndIndex", SerializeWithBufferAndIndex);
        ^~~~~~~~~~~~~~~~~~~~~~~~~
/Users/eyueltessema/.node-gyp/0.11.3/src/node.h:130:35: note: expanded from macro 'NODE_SET_PROTOTYPE_METHOD'
#define NODE_SET_PROTOTYPE_METHOD node::SetPrototypeMethod
                                  ^~~~~~~~~~~~~~~~~~~~~~~~
/Users/eyueltessema/.node-gyp/0.11.3/src/node.h:121:6: note: candidate function [with target_t = v8::Local<v8::FunctionTemplate>] not viable: no known conversion from 'void (const v8::FunctionCallbackInfo<v8::Value> &)' to 'v8::InvocationCallback' (aka 'Handle<v8::Value> (*)(const v8::Arguments &)') for 3rd argument
void SetPrototypeMethod(target_t target,
     ^
../ext/bson.cc:651:2: error: no matching function for call to 'SetPrototypeMethod'
        NODE_SET_PROTOTYPE_METHOD(t, "deserialize", BSONDeserialize);
        ^~~~~~~~~~~~~~~~~~~~~~~~~
/Users/eyueltessema/.node-gyp/0.11.3/src/node.h:130:35: note: expanded from macro 'NODE_SET_PROTOTYPE_METHOD'
#define NODE_SET_PROTOTYPE_METHOD node::SetPrototypeMethod
                                  ^~~~~~~~~~~~~~~~~~~~~~~~
/Users/eyueltessema/.node-gyp/0.11.3/src/node.h:121:6: note: candidate function [with target_t = v8::Local<v8::FunctionTemplate>] not viable: no known conversion from 'void (const v8::FunctionCallbackInfo<v8::Value> &)' to 'v8::InvocationCallback' (aka 'Handle<v8::Value> (*)(const v8::Arguments &)') for 3rd argument
void SetPrototypeMethod(target_t target,
     ^
../ext/bson.cc:652:2: error: no matching function for call to 'SetPrototypeMethod'
        NODE_SET_PROTOTYPE_METHOD(t, "deserializeStream", BSONDeserializeStream);
        ^~~~~~~~~~~~~~~~~~~~~~~~~
/Users/eyueltessema/.node-gyp/0.11.3/src/node.h:130:35: note: expanded from macro 'NODE_SET_PROTOTYPE_METHOD'
#define NODE_SET_PROTOTYPE_METHOD node::SetPrototypeMethod
                                  ^~~~~~~~~~~~~~~~~~~~~~~~
/Users/eyueltessema/.node-gyp/0.11.3/src/node.h:121:6: note: candidate function [with target_t = v8::Local<v8::FunctionTemplate>] not viable: no known conversion from 'void (const v8::FunctionCallbackInfo<v8::Value> &)' to 'v8::InvocationCallback' (aka 'Handle<v8::Value> (*)(const v8::Arguments &)') for 3rd argument
void SetPrototypeMethod(target_t target,
     ^
5 errors generated.
make: *** [Release/obj.target/bson/ext/bson.o] Error 1
gyp ERR! build error 
gyp ERR! stack Error: `make` failed with exit code: 2
gyp ERR! stack     at ChildProcess.onExit (/usr/local/lib/node_modules/npm/node_modules/node-gyp/lib/build.js:267:23)
gyp ERR! stack     at ChildProcess.EventEmitter.emit (events.js:103:17)
gyp ERR! stack     at Process.ChildProcess._handle.onexit (child_process.js:789:12)
gyp ERR! System Darwin 13.0.0
gyp ERR! command "node" "/usr/local/lib/node_modules/npm/node_modules/node-gyp/bin/node-gyp.js" "rebuild"
gyp ERR! cwd /Users/eyueltessema/Documents/introHCI/CriSee/node_modules/mongodb/node_modules/bson
gyp ERR! node -v v0.11.3
gyp ERR! node-gyp -v v0.9.6
gyp ERR! not ok 
